<?xml version="1.0" encoding="UTF-8"?>
<!-- Generated by org.testng.reporters.JUnitXMLReporter -->
<testsuite ignored="2" hostname="LAPTOP-PR929EOP" failures="0" tests="3" name="Login page Test" time="17.478" errors="0" timestamp="21 Jan 2021 22:25:27 GMT">
  <testcase classname="com.qa.opencart.tests.LoginPageTest" name="verifyLoginPageTitleTest" time="0.212"/>
  <testcase classname="com.qa.opencart.tests.LoginPageTest" name="verifyForgottenPwdLinkExist" time="0.233"/>
  <testcase classname="com.qa.opencart.tests.LoginPageTest" name="loginWithNegativeDataTest" time="0.0">
    <skipped/>
  </testcase> <!-- loginWithNegativeDataTest -->
  <testcase classname="com.qa.opencart.tests.LoginPageTest" name="loginTest" time="0.0">
    <ignored/>
  </testcase> <!-- loginTest -->
  <testcase classname="com.qa.opencart.tests.LoginPageTest" name="clickOnForgottenPasswordTest" time="0.0">
    <ignored/>
  </testcase> <!-- clickOnForgottenPasswordTest -->
</testsuite> <!-- Login page Test -->
